<?xml version="1.0" encoding="UTF-8"?>
<testng-results skipped="0" failed="0" total="2" passed="2">
  <reporter-output>
  </reporter-output>
  <suite name="Default suite" duration-ms="21" started-at="2020-11-01T18:31:51Z" finished-at="2020-11-01T18:31:51Z">
    <groups>
    </groups>
    <test name="Default test" duration-ms="21" started-at="2020-11-01T18:31:51Z" finished-at="2020-11-01T18:31:51Z">
      <class name="com.testscripts.sampleTest">
        <test-method status="PASS" signature="setupTest()[pri:0, instance:com.testscripts.sampleTest@1d082e88]" name="setupTest" is-config="true" duration-ms="7" started-at="2020-11-01T13:31:51Z" finished-at="2020-11-01T13:31:51Z">
          <reporter-output>
          </reporter-output>
        </test-method> <!-- setupTest -->
        <test-method status="PASS" signature="setEachTest()[pri:0, instance:com.testscripts.sampleTest@1d082e88]" name="setEachTest" is-config="true" duration-ms="1" started-at="2020-11-01T13:31:51Z" finished-at="2020-11-01T13:31:51Z">
          <reporter-output>
          </reporter-output>
        </test-method> <!-- setEachTest -->
        <test-method status="PASS" signature="bTitleValidation()[pri:0, instance:com.testscripts.sampleTest@1d082e88]" name="bTitleValidation" duration-ms="4" started-at="2020-11-01T13:31:51Z" finished-at="2020-11-01T13:31:51Z">
          <reporter-output>
          </reporter-output>
        </test-method> <!-- bTitleValidation -->
        <test-method status="PASS" signature="endEachTest()[pri:0, instance:com.testscripts.sampleTest@1d082e88]" name="endEachTest" is-config="true" duration-ms="0" started-at="2020-11-01T13:31:51Z" finished-at="2020-11-01T13:31:51Z">
          <reporter-output>
          </reporter-output>
        </test-method> <!-- endEachTest -->
        <test-method status="PASS" signature="setEachTest()[pri:0, instance:com.testscripts.sampleTest@1d082e88]" name="setEachTest" is-config="true" duration-ms="0" started-at="2020-11-01T13:31:51Z" finished-at="2020-11-01T13:31:51Z">
          <reporter-output>
          </reporter-output>
        </test-method> <!-- setEachTest -->
        <test-method status="PASS" signature="aloginTest()[pri:0, instance:com.testscripts.sampleTest@1d082e88]" name="aloginTest" duration-ms="1" started-at="2020-11-01T13:31:51Z" depends-on-methods="com.testscripts.sampleTest.bTitleValidation" finished-at="2020-11-01T13:31:51Z">
          <reporter-output>
          </reporter-output>
        </test-method> <!-- aloginTest -->
        <test-method status="PASS" signature="finishTest()[pri:0, instance:com.testscripts.sampleTest@1d082e88]" name="finishTest" is-config="true" duration-ms="0" started-at="2020-11-01T13:31:51Z" finished-at="2020-11-01T13:31:51Z">
          <reporter-output>
          </reporter-output>
        </test-method> <!-- finishTest -->
        <test-method status="PASS" signature="endEachTest()[pri:0, instance:com.testscripts.sampleTest@1d082e88]" name="endEachTest" is-config="true" duration-ms="0" started-at="2020-11-01T13:31:51Z" finished-at="2020-11-01T13:31:51Z">
          <reporter-output>
          </reporter-output>
        </test-method> <!-- endEachTest -->
      </class> <!-- com.testscripts.sampleTest -->
    </test> <!-- Default test -->
  </suite> <!-- Default suite -->
</testng-results>
