<?xml version="1.0" encoding="UTF-8"?>
<!-- Generated by org.testng.reporters.JUnitXMLReporter -->
<testsuite hostname="DESKTOP-E69K95O" name="Automation Relase 3.5" tests="7" failures="0" timestamp="1 Nov 2020 18:24:08 GMT" time="33.431" errors="0">
  <testcase name="registrarPageTest" time="1.022" classname="com.testscripts.registrarTest"/>
  <testcase name="aloginTest" time="0.003" classname="com.testscripts.sampleTest"/>
  <testcase name="bTitleValidation" time="0.001" classname="com.testscripts.sampleTest"/>
  <testcase name="validateHomeSignIn" time="1.917" classname="com.testscripts.signUpTest"/>
  <testcase name="validateCreateAccountOption" time="0.115" classname="com.testscripts.signUpTest"/>
  <testcase name="signupValidation" time="2.196" classname="com.testscripts.yahooSignupTest"/>
  <testcase name="privacyOptionValidation" time="2.172" classname="com.testscripts.yahooSignupTest"/>
</testsuite> <!-- Automation Relase 3.5 -->
