<?xml version="1.0" encoding="UTF-8"?>
<!-- Generated by org.testng.reporters.JUnitXMLReporter -->
<testsuite hostname="DESKTOP-E69K95O" name="Signup Data set - 3" tests="1" failures="0" timestamp="7 Nov 2020 18:11:03 GMT" time="25.774" errors="0">
  <testcase name="@BeforeMethod navigateRegistrarPage" time="0.0" classname="com.testscripts.registrarTestData">
    <failure type="java.lang.NullPointerException">
      <![CDATA[java.lang.NullPointerException
	at com.testscripts.registrarTestData.navigateRegistrarPage(registrarTestData.java:47)
... Removed 26 stack frames]]>
    </failure>
  </testcase> <!-- @BeforeMethod navigateRegistrarPage -->
  <testcase name="@AfterTest endTest" time="0.0" classname="com.testscripts.registrarTestData">
    <skipped/>
  </testcase> <!-- @AfterTest endTest -->
  <testcase name="registrarPageTest" time="0.002" classname="com.testscripts.registrarTestData">
    <skipped/>
  </testcase> <!-- registrarPageTest -->
</testsuite> <!-- Signup Data set - 3 -->
